<?xml version="1.0" encoding="utf-8"?>
<coverage line-rate="0.9362" branch-rate="0.8332999999999999" version="1.9" timestamp="1778084819" lines-covered="323" lines-valid="345" branches-covered="90" branches-valid="108">
  <sources>
    <source>D:\Github\elena-psusu\src\IPS.Core\</source>
  </sources>
  <packages>
    <package name="IPS.Core" line-rate="0.9362" branch-rate="0.8332999999999999" complexity="143">
      <classes>
        <class name="IPS.EventLogger" filename="EventLogger.cs" line-rate="0.9333" branch-rate="0.6666" complexity="6">
          <methods>
            <method name="WriteAsync" signature="(System.String,System.Guid,System.Object)" line-rate="0.875" branch-rate="0.5" complexity="2">
              <lines>
                <line number="20" hits="2" branch="False" />
                <line number="21" hits="2" branch="False" />
                <line number="22" hits="2" branch="False" />
                <line number="23" hits="2" branch="False" />
                <line number="24" hits="2" branch="False" />
                <line number="25" hits="2" branch="False" />
                <line number="26" hits="2" branch="False" />
                <line number="27" hits="2" branch="True" condition-coverage="50% (1/2)">
                  <conditions>
                    <condition number="33" type="jump" coverage="50%" />
                  </conditions>
                </line>
                <line number="28" hits="2" branch="False" />
                <line number="29" hits="2" branch="False" />
                <line number="30" hits="2" branch="False" />
                <line number="31" hits="0" branch="False" />
                <line number="32" hits="2" branch="False" />
                <line number="33" hits="2" branch="False" />
                <line number="34" hits="0" branch="False" />
                <line number="35" hits="4" branch="False" />
              </lines>
            </method>
            <method name="Dispose" signature="()" line-rate="1" branch-rate="0.5" complexity="2">
              <lines>
                <line number="40" hits="2" branch="False" />
                <line number="42" hits="2" branch="True" condition-coverage="50% (1/2)">
                  <conditions>
                    <condition number="23" type="jump" coverage="50%" />
                  </conditions>
                </line>
                <line number="43" hits="2" branch="False" />
                <line number="44" hits="2" branch="False" />
                <line number="45" hits="2" branch="False" />
                <line number="46" hits="2" branch="False" />
              </lines>
            </method>
            <method name=".ctor" signature="(System.String)" line-rate="1" branch-rate="1" complexity="2">
              <lines>
                <line number="6" hits="2" branch="False" />
                <line number="9" hits="2" branch="False" />
                <line number="11" hits="2" branch="False" />
                <line number="12" hits="2" branch="True" condition-coverage="100% (2/2)">
                  <conditions>
                    <condition number="30" type="jump" coverage="100%" />
                  </conditions>
                </line>
                <line number="13" hits="2" branch="False" />
                <line number="14" hits="2" branch="False" />
                <line number="15" hits="2" branch="False" />
                <line number="16" hits="2" branch="False" />
              </lines>
            </method>
          </methods>
          <lines>
            <line number="20" hits="2" branch="False" />
            <line number="21" hits="2" branch="False" />
            <line number="22" hits="2" branch="False" />
            <line number="23" hits="2" branch="False" />
            <line number="24" hits="2" branch="False" />
            <line number="25" hits="2" branch="False" />
            <line number="26" hits="2" branch="False" />
            <line number="27" hits="2" branch="True" condition-coverage="50% (1/2)">
              <conditions>
                <condition number="33" type="jump" coverage="50%" />
              </conditions>
            </line>
            <line number="28" hits="2" branch="False" />
            <line number="29" hits="2" branch="False" />
            <line number="30" hits="2" branch="False" />
            <line number="31" hits="0" branch="False" />
            <line number="32" hits="2" branch="False" />
            <line number="33" hits="2" branch="False" />
            <line number="34" hits="0" branch="False" />
            <line number="35" hits="4" branch="False" />
            <line number="40" hits="2" branch="False" />
            <line number="42" hits="2" branch="True" condition-coverage="50% (1/2)">
              <conditions>
                <condition number="23" type="jump" coverage="50%" />
              </conditions>
            </line>
            <line number="43" hits="2" branch="False" />
            <line number="44" hits="2" branch="False" />
            <line number="45" hits="2" branch="False" />
            <line number="46" hits="2" branch="False" />
            <line number="6" hits="2" branch="False" />
            <line number="9" hits="2" branch="False" />
            <line number="11" hits="2" branch="False" />
            <line number="12" hits="2" branch="True" condition-coverage="100% (2/2)">
              <conditions>
                <condition number="30" type="jump" coverage="100%" />
              </conditions>
            </line>
            <line number="13" hits="2" branch="False" />
            <line number="14" hits="2" branch="False" />
            <line number="15" hits="2" branch="False" />
            <line number="16" hits="2" branch="False" />
          </lines>
        </class>
        <class name="IPS.ExecutionRecord" filename="ExecutionRecord.cs" line-rate="1" branch-rate="1" complexity="6">
          <methods>
            <method name="get_JobId" signature="()" line-rate="1" branch-rate="1" complexity="1">
              <lines>
                <line number="11" hits="72" branch="False" />
              </lines>
            </method>
            <method name="get_Type" signature="()" line-rate="1" branch-rate="1" complexity="1">
              <lines>
                <line number="12" hits="186" branch="False" />
              </lines>
            </method>
            <method name="get_Outcome" signature="()" line-rate="1" branch-rate="1" complexity="1">
              <lines>
                <line number="13" hits="267" branch="False" />
              </lines>
            </method>
            <method name="get_Duration" signature="()" line-rate="1" branch-rate="1" complexity="1">
              <lines>
                <line number="14" hits="121" branch="False" />
              </lines>
            </method>
            <method name="get_FinishedAt" signature="()" line-rate="1" branch-rate="1" complexity="1">
              <lines>
                <line number="15" hits="72" branch="False" />
              </lines>
            </method>
            <method name=".ctor" signature="(System.Guid,IPS.JobType,IPS.JobOutcome,System.TimeSpan,System.DateTime)" line-rate="1" branch-rate="1" complexity="1">
              <lines>
                <line number="17" hits="72" branch="False" />
                <line number="19" hits="72" branch="False" />
                <line number="20" hits="72" branch="False" />
                <line number="21" hits="72" branch="False" />
                <line number="22" hits="72" branch="False" />
                <line number="23" hits="72" branch="False" />
                <line number="24" hits="72" branch="False" />
              </lines>
            </method>
          </methods>
          <lines>
            <line number="11" hits="72" branch="False" />
            <line number="12" hits="186" branch="False" />
            <line number="13" hits="267" branch="False" />
            <line number="14" hits="121" branch="False" />
            <line number="15" hits="72" branch="False" />
            <line number="17" hits="72" branch="False" />
            <line number="19" hits="72" branch="False" />
            <line number="20" hits="72" branch="False" />
            <line number="21" hits="72" branch="False" />
            <line number="22" hits="72" branch="False" />
            <line number="23" hits="72" branch="False" />
            <line number="24" hits="72" branch="False" />
          </lines>
        </class>
        <class name="IPS.Job" filename="Job.cs" line-rate="0.95" branch-rate="1" complexity="8">
          <methods>
            <method name="get_Id" signature="()" line-rate="1" branch-rate="1" complexity="1">
              <lines>
                <line number="5" hits="114" branch="False" />
              </lines>
            </method>
            <method name="get_Type" signature="()" line-rate="1" branch-rate="1" complexity="1">
              <lines>
                <line number="6" hits="41" branch="False" />
              </lines>
            </method>
            <method name="get_Payload" signature="()" line-rate="1" branch-rate="1" complexity="1">
              <lines>
                <line number="7" hits="54" branch="False" />
              </lines>
            </method>
            <method name="get_Priority" signature="()" line-rate="1" branch-rate="1" complexity="1">
              <lines>
                <line number="8" hits="39" branch="False" />
              </lines>
            </method>
            <method name="ToString" signature="()" line-rate="0" branch-rate="1" complexity="1">
              <lines>
                <line number="33" hits="0" branch="False" />
              </lines>
            </method>
            <method name=".ctor" signature="()" line-rate="1" branch-rate="1" complexity="1">
              <lines>
                <line number="10" hits="1" branch="False" />
                <line number="12" hits="1" branch="False" />
                <line number="13" hits="1" branch="False" />
              </lines>
            </method>
            <method name=".ctor" signature="(IPS.JobType,System.String,System.Int32)" line-rate="1" branch-rate="1" complexity="1">
              <lines>
                <line number="15" hits="18" branch="False" />
                <line number="17" hits="18" branch="False" />
                <line number="18" hits="18" branch="False" />
                <line number="19" hits="18" branch="False" />
                <line number="20" hits="18" branch="False" />
                <line number="21" hits="18" branch="False" />
              </lines>
            </method>
            <method name=".ctor" signature="(System.Guid,IPS.JobType,System.String,System.Int32)" line-rate="1" branch-rate="1" complexity="1">
              <lines>
                <line number="23" hits="2" branch="False" />
                <line number="25" hits="2" branch="False" />
                <line number="26" hits="2" branch="False" />
                <line number="27" hits="2" branch="False" />
                <line number="28" hits="2" branch="False" />
                <line number="29" hits="2" branch="False" />
              </lines>
            </method>
          </methods>
          <lines>
            <line number="5" hits="114" branch="False" />
            <line number="6" hits="41" branch="False" />
            <line number="7" hits="54" branch="False" />
            <line number="8" hits="39" branch="False" />
            <line number="33" hits="0" branch="False" />
            <line number="10" hits="1" branch="False" />
            <line number="12" hits="1" branch="False" />
            <line number="13" hits="1" branch="False" />
            <line number="15" hits="18" branch="False" />
            <line number="17" hits="18" branch="False" />
            <line number="18" hits="18" branch="False" />
            <line number="19" hits="18" branch="False" />
            <line number="20" hits="18" branch="False" />
            <line number="21" hits="18" branch="False" />
            <line number="23" hits="2" branch="False" />
            <line number="25" hits="2" branch="False" />
            <line number="26" hits="2" branch="False" />
            <line number="27" hits="2" branch="False" />
            <line number="28" hits="2" branch="False" />
            <line number="29" hits="2" branch="False" />
          </lines>
        </class>
        <class name="IPS.JobAbortedException" filename="JobAbortedException.cs" line-rate="1" branch-rate="1" complexity="1">
          <methods>
            <method name=".ctor" signature="(System.Guid,System.Exception)" line-rate="1" branch-rate="1" complexity="1">
              <lines>
                <line number="8" hits="4" branch="False" />
                <line number="10" hits="4" branch="False" />
                <line number="11" hits="4" branch="False" />
              </lines>
            </method>
          </methods>
          <lines>
            <line number="8" hits="4" branch="False" />
            <line number="10" hits="4" branch="False" />
            <line number="11" hits="4" branch="False" />
          </lines>
        </class>
        <class name="IPS.JobHandle" filename="JobHandle.cs" line-rate="1" branch-rate="1" complexity="5">
          <methods>
            <method name="get_Id" signature="()" line-rate="1" branch-rate="1" complexity="1">
              <lines>
                <line number="7" hits="21" branch="False" />
              </lines>
            </method>
            <method name="get_Result" signature="()" line-rate="1" branch-rate="1" complexity="1">
              <lines>
                <line number="8" hits="6" branch="False" />
              </lines>
            </method>
            <method name="TryComplete" signature="(System.Int32)" line-rate="1" branch-rate="1" complexity="1">
              <lines>
                <line number="18" hits="8" branch="False" />
              </lines>
            </method>
            <method name="TryAbort" signature="(System.Exception)" line-rate="1" branch-rate="1" complexity="1">
              <lines>
                <line number="23" hits="4" branch="False" />
              </lines>
            </method>
            <method name=".ctor" signature="(System.Guid)" line-rate="1" branch-rate="1" complexity="1">
              <lines>
                <line number="10" hits="17" branch="False" />
                <line number="12" hits="17" branch="False" />
                <line number="13" hits="17" branch="False" />
                <line number="14" hits="17" branch="False" />
              </lines>
            </method>
          </methods>
          <lines>
            <line number="7" hits="21" branch="False" />
            <line number="8" hits="6" branch="False" />
            <line number="18" hits="8" branch="False" />
            <line number="23" hits="4" branch="False" />
            <line number="10" hits="17" branch="False" />
            <line number="12" hits="17" branch="False" />
            <line number="13" hits="17" branch="False" />
            <line number="14" hits="17" branch="False" />
          </lines>
        </class>
        <class name="IPS.ProcessingSystem" filename="ProcessingSystem.cs" line-rate="0.8859999999999999" branch-rate="0.8076000000000001" complexity="34">
          <methods>
            <method name="get_AttemptTimeout" signature="()" line-rate="1" branch-rate="1" complexity="1">
              <lines>
                <line number="8" hits="25" branch="False" />
              </lines>
            </method>
            <method name="get_MaxAttempts" signature="()" line-rate="1" branch-rate="1" complexity="1">
              <lines>
                <line number="9" hits="26" branch="False" />
              </lines>
            </method>
            <method name="get_Executions" signature="()" line-rate="1" branch-rate="1" complexity="1">
              <lines>
                <line number="26" hits="3" branch="False" />
              </lines>
            </method>
            <method name="Submit" signature="(IPS.Job)" line-rate="1" branch-rate="1" complexity="2">
              <lines>
                <line number="61" hits="15" branch="False" />
                <line number="62" hits="15" branch="True" condition-coverage="100% (2/2)">
                  <conditions>
                    <condition number="8" type="jump" coverage="100%" />
                  </conditions>
                </line>
                <line number="63" hits="1" branch="False" />
                <line number="64" hits="14" branch="False" />
              </lines>
            </method>
            <method name="GetTopJobs" signature="(System.Int32)" line-rate="1" branch-rate="0.5" complexity="2">
              <lines>
                <line number="69" hits="1" branch="True" condition-coverage="50% (1/2)">
                  <conditions>
                    <condition number="2" type="jump" coverage="50%" />
                  </conditions>
                </line>
                <line number="71" hits="1" branch="False" />
                <line number="73" hits="1" branch="False" />
                <line number="74" hits="3" branch="False" />
                <line number="75" hits="1" branch="False" />
                <line number="76" hits="3" branch="False" />
                <line number="77" hits="1" branch="False" />
                <line number="79" hits="1" branch="False" />
              </lines>
            </method>
            <method name="GetJob" signature="(System.Guid)" line-rate="1" branch-rate="1" complexity="2">
              <lines>
                <line number="83" hits="2" branch="False" />
                <line number="85" hits="2" branch="True" condition-coverage="100% (2/2)">
                  <conditions>
                    <condition number="29" type="jump" coverage="100%" />
                  </conditions>
                </line>
                <line number="86" hits="1" branch="False" />
                <line number="87" hits="1" branch="False" />
                <line number="88" hits="1" branch="False" />
                <line number="89" hits="1" branch="False" />
              </lines>
            </method>
            <method name="get_PendingCount" signature="()" line-rate="0" branch-rate="1" complexity="1">
              <lines>
                <line number="93" hits="0" branch="False" />
              </lines>
            </method>
            <method name="GenerateReport" signature="()" line-rate="1" branch-rate="1" complexity="1">
              <lines>
                <line number="99" hits="2" branch="False" />
                <line number="100" hits="1" branch="False" />
              </lines>
            </method>
            <method name="EnqueueOrReject" signature="(IPS.Job)" line-rate="1" branch-rate="1" complexity="4">
              <lines>
                <line number="105" hits="17" branch="False" />
                <line number="108" hits="17" branch="True" condition-coverage="100% (2/2)">
                  <conditions>
                    <condition number="34" type="jump" coverage="100%" />
                  </conditions>
                </line>
                <line number="109" hits="1" branch="False" />
                <line number="111" hits="16" branch="True" condition-coverage="100% (2/2)">
                  <conditions>
                    <condition number="68" type="jump" coverage="100%" />
                  </conditions>
                </line>
                <line number="112" hits="1" branch="False" />
                <line number="114" hits="15" branch="False" />
                <line number="115" hits="15" branch="False" />
                <line number="116" hits="15" branch="False" />
                <line number="117" hits="15" branch="False" />
                <line number="118" hits="15" branch="False" />
                <line number="120" hits="15" branch="False" />
                <line number="121" hits="15" branch="False" />
                <line number="123" hits="17" branch="False" />
              </lines>
            </method>
            <method name="Dispatch" signature="(IPS.Job,System.Threading.CancellationToken)" line-rate="0.75" branch-rate="0.75" complexity="4">
              <lines>
                <line number="215" hits="12" branch="True" condition-coverage="75% (3/4)">
                  <conditions>
                    <condition number="8" type="jump" coverage="100%" />
                    <condition number="12" type="jump" coverage="50%" />
                  </conditions>
                </line>
                <line number="217" hits="2" branch="False" />
                <line number="218" hits="10" branch="False" />
                <line number="219" hits="0" branch="False" />
              </lines>
            </method>
            <method name="RaiseCompleted" signature="(IPS.Job,System.Int32,System.TimeSpan)" line-rate="0.6666" branch-rate="1" complexity="2">
              <lines>
                <line number="225" hits="14" branch="True" condition-coverage="100% (2/2)">
                  <conditions>
                    <condition number="7" type="jump" coverage="100%" />
                  </conditions>
                </line>
                <line number="226" hits="0" branch="False" />
                <line number="227" hits="7" branch="False" />
              </lines>
            </method>
            <method name="RaiseFailed" signature="(IPS.Job,System.Int32,System.String,System.Exception)" line-rate="0.6666" branch-rate="0.5" complexity="2">
              <lines>
                <line number="231" hits="6" branch="True" condition-coverage="50% (1/2)">
                  <conditions>
                    <condition number="7" type="jump" coverage="50%" />
                  </conditions>
                </line>
                <line number="232" hits="0" branch="False" />
                <line number="233" hits="3" branch="False" />
              </lines>
            </method>
            <method name="SafeGenerateReport" signature="()" line-rate="0" branch-rate="1" complexity="1">
              <lines>
                <line number="240" hits="0" branch="False" />
                <line number="241" hits="0" branch="False" />
                <line number="242" hits="0" branch="False" />
                <line number="243" hits="0" branch="False" />
                <line number="244" hits="0" branch="False" />
              </lines>
            </method>
            <method name="Dispose" signature="()" line-rate="1" branch-rate="0.5" complexity="2">
              <lines>
                <line number="248" hits="11" branch="True" condition-coverage="50% (1/2)">
                  <conditions>
                    <condition number="6" type="jump" coverage="50%" />
                  </conditions>
                </line>
                <line number="249" hits="11" branch="False" />
                <line number="251" hits="22" branch="False" />
                <line number="252" hits="22" branch="False" />
                <line number="253" hits="22" branch="False" />
                <line number="255" hits="11" branch="False" />
                <line number="256" hits="11" branch="False" />
                <line number="257" hits="11" branch="False" />
              </lines>
            </method>
            <method name="&lt;.ctor&gt;b__29_1" signature="()" line-rate="1" branch-rate="1" complexity="1">
              <lines>
                <line number="52" hits="36" branch="False" />
              </lines>
            </method>
            <method name="&lt;.ctor&gt;b__29_0" signature="(System.Object)" line-rate="1" branch-rate="1" complexity="1">
              <lines>
                <line number="55" hits="11" branch="False" />
              </lines>
            </method>
            <method name=".ctor" signature="(IPS.SystemConfig,System.String)" line-rate="1" branch-rate="0.8332999999999999" complexity="6">
              <lines>
                <line number="14" hits="11" branch="False" />
                <line number="15" hits="11" branch="False" />
                <line number="18" hits="11" branch="False" />
                <line number="20" hits="11" branch="False" />
                <line number="21" hits="11" branch="False" />
                <line number="23" hits="11" branch="False" />
                <line number="35" hits="11" branch="False" />
                <line number="39" hits="11" branch="False" />
                <line number="41" hits="11" branch="False" />
                <line number="43" hits="11" branch="True" condition-coverage="50% (1/2)">
                  <conditions>
                    <condition number="125" type="jump" coverage="50%" />
                  </conditions>
                </line>
                <line number="44" hits="11" branch="False" />
                <line number="47" hits="26" branch="True" condition-coverage="100% (2/2)">
                  <conditions>
                    <condition number="193" type="jump" coverage="100%" />
                  </conditions>
                </line>
                <line number="48" hits="2" branch="False" />
                <line number="50" hits="11" branch="False" />
                <line number="51" hits="58" branch="True" condition-coverage="100% (2/2)">
                  <conditions>
                    <condition number="268" type="jump" coverage="100%" />
                  </conditions>
                </line>
                <line number="56" hits="11" branch="False" />
                <line number="57" hits="11" branch="False" />
              </lines>
            </method>
          </methods>
          <lines>
            <line number="8" hits="25" branch="False" />
            <line number="9" hits="26" branch="False" />
            <line number="26" hits="3" branch="False" />
            <line number="61" hits="15" branch="False" />
            <line number="62" hits="15" branch="True" condition-coverage="100% (2/2)">
              <conditions>
                <condition number="8" type="jump" coverage="100%" />
              </conditions>
            </line>
            <line number="63" hits="1" branch="False" />
            <line number="64" hits="14" branch="False" />
            <line number="69" hits="1" branch="True" condition-coverage="50% (1/2)">
              <conditions>
                <condition number="2" type="jump" coverage="50%" />
              </conditions>
            </line>
            <line number="71" hits="1" branch="False" />
            <line number="73" hits="1" branch="False" />
            <line number="74" hits="3" branch="False" />
            <line number="75" hits="1" branch="False" />
            <line number="76" hits="3" branch="False" />
            <line number="77" hits="1" branch="False" />
            <line number="79" hits="1" branch="False" />
            <line number="83" hits="2" branch="False" />
            <line number="85" hits="2" branch="True" condition-coverage="100% (2/2)">
              <conditions>
                <condition number="29" type="jump" coverage="100%" />
              </conditions>
            </line>
            <line number="86" hits="1" branch="False" />
            <line number="87" hits="1" branch="False" />
            <line number="88" hits="1" branch="False" />
            <line number="89" hits="1" branch="False" />
            <line number="93" hits="0" branch="False" />
            <line number="99" hits="2" branch="False" />
            <line number="100" hits="1" branch="False" />
            <line number="105" hits="17" branch="False" />
            <line number="108" hits="17" branch="True" condition-coverage="100% (2/2)">
              <conditions>
                <condition number="34" type="jump" coverage="100%" />
              </conditions>
            </line>
            <line number="109" hits="1" branch="False" />
            <line number="111" hits="16" branch="True" condition-coverage="100% (2/2)">
              <conditions>
                <condition number="68" type="jump" coverage="100%" />
              </conditions>
            </line>
            <line number="112" hits="1" branch="False" />
            <line number="114" hits="15" branch="False" />
            <line number="115" hits="15" branch="False" />
            <line number="116" hits="15" branch="False" />
            <line number="117" hits="15" branch="False" />
            <line number="118" hits="15" branch="False" />
            <line number="120" hits="15" branch="False" />
            <line number="121" hits="15" branch="False" />
            <line number="123" hits="17" branch="False" />
            <line number="215" hits="12" branch="True" condition-coverage="75% (3/4)">
              <conditions>
                <condition number="8" type="jump" coverage="100%" />
                <condition number="12" type="jump" coverage="50%" />
              </conditions>
            </line>
            <line number="217" hits="2" branch="False" />
            <line number="218" hits="10" branch="False" />
            <line number="219" hits="0" branch="False" />
            <line number="225" hits="14" branch="True" condition-coverage="100% (2/2)">
              <conditions>
                <condition number="7" type="jump" coverage="100%" />
              </conditions>
            </line>
            <line number="226" hits="0" branch="False" />
            <line number="227" hits="7" branch="False" />
            <line number="231" hits="6" branch="True" condition-coverage="50% (1/2)">
              <conditions>
                <condition number="7" type="jump" coverage="50%" />
              </conditions>
            </line>
            <line number="232" hits="0" branch="False" />
            <line number="233" hits="3" branch="False" />
            <line number="240" hits="0" branch="False" />
            <line number="241" hits="0" branch="False" />
            <line number="242" hits="0" branch="False" />
            <line number="243" hits="0" branch="False" />
            <line number="244" hits="0" branch="False" />
            <line number="248" hits="11" branch="True" condition-coverage="50% (1/2)">
              <conditions>
                <condition number="6" type="jump" coverage="50%" />
              </conditions>
            </line>
            <line number="249" hits="11" branch="False" />
            <line number="251" hits="22" branch="False" />
            <line number="252" hits="22" branch="False" />
            <line number="253" hits="22" branch="False" />
            <line number="255" hits="11" branch="False" />
            <line number="256" hits="11" branch="False" />
            <line number="257" hits="11" branch="False" />
            <line number="52" hits="36" branch="False" />
            <line number="55" hits="11" branch="False" />
            <line number="14" hits="11" branch="False" />
            <line number="15" hits="11" branch="False" />
            <line number="18" hits="11" branch="False" />
            <line number="20" hits="11" branch="False" />
            <line number="21" hits="11" branch="False" />
            <line number="23" hits="11" branch="False" />
            <line number="35" hits="11" branch="False" />
            <line number="39" hits="11" branch="False" />
            <line number="41" hits="11" branch="False" />
            <line number="43" hits="11" branch="True" condition-coverage="50% (1/2)">
              <conditions>
                <condition number="125" type="jump" coverage="50%" />
              </conditions>
            </line>
            <line number="44" hits="11" branch="False" />
            <line number="47" hits="26" branch="True" condition-coverage="100% (2/2)">
              <conditions>
                <condition number="193" type="jump" coverage="100%" />
              </conditions>
            </line>
            <line number="48" hits="2" branch="False" />
            <line number="50" hits="11" branch="False" />
            <line number="51" hits="58" branch="True" condition-coverage="100% (2/2)">
              <conditions>
                <condition number="268" type="jump" coverage="100%" />
              </conditions>
            </line>
            <line number="56" hits="11" branch="False" />
            <line number="57" hits="11" branch="False" />
          </lines>
        </class>
        <class name="IPS.ProcessingSystem/&lt;&gt;c__DisplayClass38_1" filename="ProcessingSystem.cs" line-rate="1" branch-rate="1" complexity="1">
          <methods>
            <method name="&lt;RunWithRetries&gt;b__0" signature="()" line-rate="1" branch-rate="1" complexity="1">
              <lines>
                <line number="170" hits="12" branch="False" />
              </lines>
            </method>
          </methods>
          <lines>
            <line number="170" hits="12" branch="False" />
          </lines>
        </class>
        <class name="IPS.ProcessingSystem/&lt;RunWithRetries&gt;d__38" filename="ProcessingSystem.cs" line-rate="0.9487000000000001" branch-rate="0.625" complexity="8">
          <methods>
            <method name="MoveNext" signature="()" line-rate="0.9487000000000001" branch-rate="0.625" complexity="8">
              <lines>
                <line number="152" hits="10" branch="False" />
                <line number="153" hits="10" branch="False" />
                <line number="155" hits="24" branch="True" condition-coverage="50% (1/2)">
                  <conditions>
                    <condition number="910" type="jump" coverage="50%" />
                  </conditions>
                </line>
                <line number="157" hits="12" branch="True" condition-coverage="50% (1/2)">
                  <conditions>
                    <condition number="112" type="jump" coverage="50%" />
                  </conditions>
                </line>
                <line number="159" hits="0" branch="False" />
                <line number="160" hits="0" branch="False" />
                <line number="163" hits="12" branch="False" />
                <line number="164" hits="12" branch="False" />
                <line number="166" hits="12" branch="False" />
                <line number="169" hits="12" branch="False" />
                <line number="171" hits="12" branch="False" />
                <line number="172" hits="7" branch="False" />
                <line number="173" hits="7" branch="False" />
                <line number="175" hits="7" branch="False" />
                <line number="177" hits="7" branch="False" />
                <line number="178" hits="7" branch="False" />
                <line number="179" hits="7" branch="False" />
                <line number="181" hits="7" branch="False" />
                <line number="182" hits="7" branch="False" />
                <line number="183" hits="7" branch="False" />
                <line number="185" hits="5" branch="False" />
                <line number="187" hits="2" branch="False" />
                <line number="188" hits="2" branch="False" />
                <line number="190" hits="3" branch="False" />
                <line number="192" hits="3" branch="False" />
                <line number="193" hits="3" branch="False" />
                <line number="194" hits="3" branch="False" />
                <line number="196" hits="3" branch="True" condition-coverage="50% (1/2)">
                  <conditions>
                    <condition number="643" type="jump" coverage="50%" />
                  </conditions>
                </line>
                <line number="197" hits="3" branch="False" />
                <line number="199" hits="3" branch="True" condition-coverage="100% (2/2)">
                  <conditions>
                    <condition number="703" type="jump" coverage="100%" />
                  </conditions>
                </line>
                <line number="201" hits="1" branch="False" />
                <line number="203" hits="1" branch="False" />
                <line number="204" hits="1" branch="False" />
                <line number="205" hits="1" branch="False" />
                <line number="206" hits="1" branch="False" />
                <line number="207" hits="1" branch="False" />
                <line number="209" hits="2" branch="False" />
                <line number="210" hits="2" branch="False" />
                <line number="211" hits="10" branch="False" />
              </lines>
            </method>
          </methods>
          <lines>
            <line number="152" hits="10" branch="False" />
            <line number="153" hits="10" branch="False" />
            <line number="155" hits="24" branch="True" condition-coverage="50% (1/2)">
              <conditions>
                <condition number="910" type="jump" coverage="50%" />
              </conditions>
            </line>
            <line number="157" hits="12" branch="True" condition-coverage="50% (1/2)">
              <conditions>
                <condition number="112" type="jump" coverage="50%" />
              </conditions>
            </line>
            <line number="159" hits="0" branch="False" />
            <line number="160" hits="0" branch="False" />
            <line number="163" hits="12" branch="False" />
            <line number="164" hits="12" branch="False" />
            <line number="166" hits="12" branch="False" />
            <line number="169" hits="12" branch="False" />
            <line number="171" hits="12" branch="False" />
            <line number="172" hits="7" branch="False" />
            <line number="173" hits="7" branch="False" />
            <line number="175" hits="7" branch="False" />
            <line number="177" hits="7" branch="False" />
            <line number="178" hits="7" branch="False" />
            <line number="179" hits="7" branch="False" />
            <line number="181" hits="7" branch="False" />
            <line number="182" hits="7" branch="False" />
            <line number="183" hits="7" branch="False" />
            <line number="185" hits="5" branch="False" />
            <line number="187" hits="2" branch="False" />
            <line number="188" hits="2" branch="False" />
            <line number="190" hits="3" branch="False" />
            <line number="192" hits="3" branch="False" />
            <line number="193" hits="3" branch="False" />
            <line number="194" hits="3" branch="False" />
            <line number="196" hits="3" branch="True" condition-coverage="50% (1/2)">
              <conditions>
                <condition number="643" type="jump" coverage="50%" />
              </conditions>
            </line>
            <line number="197" hits="3" branch="False" />
            <line number="199" hits="3" branch="True" condition-coverage="100% (2/2)">
              <conditions>
                <condition number="703" type="jump" coverage="100%" />
              </conditions>
            </line>
            <line number="201" hits="1" branch="False" />
            <line number="203" hits="1" branch="False" />
            <line number="204" hits="1" branch="False" />
            <line number="205" hits="1" branch="False" />
            <line number="206" hits="1" branch="False" />
            <line number="207" hits="1" branch="False" />
            <line number="209" hits="2" branch="False" />
            <line number="210" hits="2" branch="False" />
            <line number="211" hits="10" branch="False" />
          </lines>
        </class>
        <class name="IPS.ProcessingSystem/&lt;WorkerLoop&gt;d__37" filename="ProcessingSystem.cs" line-rate="1" branch-rate="1" complexity="10">
          <methods>
            <method name="MoveNext" signature="()" line-rate="1" branch-rate="1" complexity="10">
              <lines>
                <line number="127" hits="28" branch="True" condition-coverage="100% (2/2)">
                  <conditions>
                    <condition number="375" type="jump" coverage="100%" />
                  </conditions>
                </line>
                <line number="129" hits="35" branch="False" />
                <line number="130" hits="30" branch="False" />
                <line number="132" hits="10" branch="False" />
                <line number="133" hits="10" branch="False" />
                <line number="134" hits="10" branch="False" />
                <line number="136" hits="10" branch="True" condition-coverage="100% (2/2)">
                  <conditions>
                    <condition number="185" type="jump" coverage="100%" />
                  </conditions>
                </line>
                <line number="138" hits="10" branch="False" />
                <line number="139" hits="10" branch="False" />
                <line number="140" hits="10" branch="True" condition-coverage="100% (2/2)">
                  <conditions>
                    <condition number="221" type="jump" coverage="100%" />
                  </conditions>
                </line>
                <line number="141" hits="10" branch="False" />
                <line number="143" hits="10" branch="False" />
                <line number="144" hits="10" branch="True" condition-coverage="100% (4/4)">
                  <conditions>
                    <condition number="260" type="jump" coverage="100%" />
                    <condition number="263" type="jump" coverage="100%" />
                  </conditions>
                </line>
                <line number="146" hits="10" branch="False" />
                <line number="148" hits="18" branch="False" />
              </lines>
            </method>
          </methods>
          <lines>
            <line number="127" hits="28" branch="True" condition-coverage="100% (2/2)">
              <conditions>
                <condition number="375" type="jump" coverage="100%" />
              </conditions>
            </line>
            <line number="129" hits="35" branch="False" />
            <line number="130" hits="30" branch="False" />
            <line number="132" hits="10" branch="False" />
            <line number="133" hits="10" branch="False" />
            <line number="134" hits="10" branch="False" />
            <line number="136" hits="10" branch="True" condition-coverage="100% (2/2)">
              <conditions>
                <condition number="185" type="jump" coverage="100%" />
              </conditions>
            </line>
            <line number="138" hits="10" branch="False" />
            <line number="139" hits="10" branch="False" />
            <line number="140" hits="10" branch="True" condition-coverage="100% (2/2)">
              <conditions>
                <condition number="221" type="jump" coverage="100%" />
              </conditions>
            </line>
            <line number="141" hits="10" branch="False" />
            <line number="143" hits="10" branch="False" />
            <line number="144" hits="10" branch="True" condition-coverage="100% (4/4)">
              <conditions>
                <condition number="260" type="jump" coverage="100%" />
                <condition number="263" type="jump" coverage="100%" />
              </conditions>
            </line>
            <line number="146" hits="10" branch="False" />
            <line number="148" hits="18" branch="False" />
          </lines>
        </class>
        <class name="IPS.JobCompletedEventArgs" filename="ProcessingSystem.cs" line-rate="1" branch-rate="1" complexity="1">
          <methods>
            <method name=".ctor" signature="(IPS.Job,System.Int32,System.TimeSpan)" line-rate="1" branch-rate="1" complexity="1">
              <lines>
                <line number="266" hits="1" branch="False" />
                <line number="268" hits="1" branch="False" />
                <line number="269" hits="1" branch="False" />
                <line number="270" hits="1" branch="False" />
                <line number="271" hits="1" branch="False" />
              </lines>
            </method>
          </methods>
          <lines>
            <line number="266" hits="1" branch="False" />
            <line number="268" hits="1" branch="False" />
            <line number="269" hits="1" branch="False" />
            <line number="270" hits="1" branch="False" />
            <line number="271" hits="1" branch="False" />
          </lines>
        </class>
        <class name="IPS.JobFailedEventArgs" filename="ProcessingSystem.cs" line-rate="0" branch-rate="1" complexity="1">
          <methods>
            <method name=".ctor" signature="(IPS.Job,System.Int32,System.String,System.Exception)" line-rate="0" branch-rate="1" complexity="1">
              <lines>
                <line number="281" hits="0" branch="False" />
                <line number="283" hits="0" branch="False" />
                <line number="284" hits="0" branch="False" />
                <line number="285" hits="0" branch="False" />
                <line number="286" hits="0" branch="False" />
                <line number="287" hits="0" branch="False" />
              </lines>
            </method>
          </methods>
          <lines>
            <line number="281" hits="0" branch="False" />
            <line number="283" hits="0" branch="False" />
            <line number="284" hits="0" branch="False" />
            <line number="285" hits="0" branch="False" />
            <line number="286" hits="0" branch="False" />
            <line number="287" hits="0" branch="False" />
          </lines>
        </class>
        <class name="IPS.ReportGenerator" filename="ReportGenerator.cs" line-rate="1" branch-rate="1" complexity="3">
          <methods>
            <method name="Generate" signature="(System.Collections.Generic.IEnumerable`1&lt;IPS.ExecutionRecord&gt;)" line-rate="1" branch-rate="1" complexity="1">
              <lines>
                <line number="22" hits="17" branch="False" />
                <line number="24" hits="17" branch="False" />
                <line number="25" hits="65" branch="False" />
                <line number="26" hits="49" branch="False" />
                <line number="27" hits="33" branch="False" />
                <line number="28" hits="33" branch="False" />
                <line number="29" hits="17" branch="False" />
                <line number="31" hits="17" branch="False" />
                <line number="32" hits="65" branch="False" />
                <line number="33" hits="49" branch="False" />
                <line number="34" hits="82" branch="False" />
                <line number="35" hits="33" branch="False" />
                <line number="36" hits="17" branch="False" />
                <line number="38" hits="17" branch="False" />
                <line number="39" hits="65" branch="False" />
                <line number="40" hits="16" branch="False" />
                <line number="41" hits="16" branch="False" />
                <line number="42" hits="16" branch="False" />
                <line number="43" hits="17" branch="False" />
                <line number="45" hits="17" branch="False" />
                <line number="46" hits="17" branch="False" />
                <line number="47" hits="17" branch="False" />
                <line number="48" hits="17" branch="False" />
                <line number="49" hits="33" branch="False" />
                <line number="50" hits="33" branch="False" />
                <line number="51" hits="33" branch="False" />
                <line number="52" hits="17" branch="False" />
                <line number="53" hits="33" branch="False" />
                <line number="54" hits="33" branch="False" />
                <line number="55" hits="33" branch="False" />
                <line number="56" hits="17" branch="False" />
                <line number="57" hits="33" branch="False" />
                <line number="58" hits="33" branch="False" />
                <line number="59" hits="33" branch="False" />
                <line number="61" hits="17" branch="False" />
                <line number="62" hits="17" branch="False" />
                <line number="63" hits="17" branch="False" />
                <line number="64" hits="17" branch="False" />
              </lines>
            </method>
            <method name=".ctor" signature="(System.String)" line-rate="1" branch-rate="1" complexity="2">
              <lines>
                <line number="13" hits="15" branch="False" />
                <line number="15" hits="15" branch="False" />
                <line number="16" hits="15" branch="True" condition-coverage="100% (2/2)">
                  <conditions>
                    <condition number="19" type="jump" coverage="100%" />
                  </conditions>
                </line>
                <line number="17" hits="15" branch="False" />
                <line number="18" hits="15" branch="False" />
              </lines>
            </method>
          </methods>
          <lines>
            <line number="22" hits="17" branch="False" />
            <line number="24" hits="17" branch="False" />
            <line number="25" hits="65" branch="False" />
            <line number="26" hits="49" branch="False" />
            <line number="27" hits="33" branch="False" />
            <line number="28" hits="33" branch="False" />
            <line number="29" hits="17" branch="False" />
            <line number="31" hits="17" branch="False" />
            <line number="32" hits="65" branch="False" />
            <line number="33" hits="49" branch="False" />
            <line number="34" hits="82" branch="False" />
            <line number="35" hits="33" branch="False" />
            <line number="36" hits="17" branch="False" />
            <line number="38" hits="17" branch="False" />
            <line number="39" hits="65" branch="False" />
            <line number="40" hits="16" branch="False" />
            <line number="41" hits="16" branch="False" />
            <line number="42" hits="16" branch="False" />
            <line number="43" hits="17" branch="False" />
            <line number="45" hits="17" branch="False" />
            <line number="46" hits="17" branch="False" />
            <line number="47" hits="17" branch="False" />
            <line number="48" hits="17" branch="False" />
            <line number="49" hits="33" branch="False" />
            <line number="50" hits="33" branch="False" />
            <line number="51" hits="33" branch="False" />
            <line number="52" hits="17" branch="False" />
            <line number="53" hits="33" branch="False" />
            <line number="54" hits="33" branch="False" />
            <line number="55" hits="33" branch="False" />
            <line number="56" hits="17" branch="False" />
            <line number="57" hits="33" branch="False" />
            <line number="58" hits="33" branch="False" />
            <line number="59" hits="33" branch="False" />
            <line number="61" hits="17" branch="False" />
            <line number="62" hits="17" branch="False" />
            <line number="63" hits="17" branch="False" />
            <line number="64" hits="17" branch="False" />
            <line number="13" hits="15" branch="False" />
            <line number="15" hits="15" branch="False" />
            <line number="16" hits="15" branch="True" condition-coverage="100% (2/2)">
              <conditions>
                <condition number="19" type="jump" coverage="100%" />
              </conditions>
            </line>
            <line number="17" hits="15" branch="False" />
            <line number="18" hits="15" branch="False" />
          </lines>
        </class>
        <class name="IPS.SystemConfig" filename="SystemConfig.cs" line-rate="1" branch-rate="1" complexity="9">
          <methods>
            <method name="get_WorkerCount" signature="()" line-rate="1" branch-rate="1" complexity="1">
              <lines>
                <line number="7" hits="54" branch="False" />
              </lines>
            </method>
            <method name="get_MaxQueueSize" signature="()" line-rate="1" branch-rate="1" complexity="1">
              <lines>
                <line number="8" hits="25" branch="False" />
              </lines>
            </method>
            <method name="get_InitialJobs" signature="()" line-rate="1" branch-rate="1" complexity="1">
              <lines>
                <line number="9" hits="38" branch="False" />
              </lines>
            </method>
            <method name="Load" signature="(System.String)" line-rate="1" branch-rate="1" complexity="2">
              <lines>
                <line number="13" hits="3" branch="True" condition-coverage="100% (2/2)">
                  <conditions>
                    <condition number="6" type="jump" coverage="100%" />
                  </conditions>
                </line>
                <line number="14" hits="1" branch="False" />
                <line number="16" hits="2" branch="False" />
                <line number="17" hits="2" branch="False" />
              </lines>
            </method>
            <method name="Parse" signature="(System.Xml.Linq.XDocument)" line-rate="1" branch-rate="1" complexity="4">
              <lines>
                <line number="22" hits="2" branch="False" />
                <line number="23" hits="2" branch="False" />
                <line number="24" hits="2" branch="False" />
                <line number="25" hits="2" branch="False" />
                <line number="26" hits="2" branch="False" />
                <line number="27" hits="2" branch="False" />
                <line number="29" hits="2" branch="False" />
                <line number="30" hits="2" branch="True" condition-coverage="100% (2/2)">
                  <conditions>
                    <condition number="95" type="jump" coverage="100%" />
                  </conditions>
                </line>
                <line number="32" hits="6" branch="True" condition-coverage="100% (2/2)">
                  <conditions>
                    <condition number="256" type="jump" coverage="100%" />
                  </conditions>
                </line>
                <line number="34" hits="2" branch="False" />
                <line number="35" hits="2" branch="False" />
                <line number="36" hits="2" branch="False" />
                <line number="37" hits="2" branch="False" />
                <line number="38" hits="2" branch="False" />
                <line number="42" hits="2" branch="False" />
              </lines>
            </method>
          </methods>
          <lines>
            <line number="7" hits="54" branch="False" />
            <line number="8" hits="25" branch="False" />
            <line number="9" hits="38" branch="False" />
            <line number="13" hits="3" branch="True" condition-coverage="100% (2/2)">
              <conditions>
                <condition number="6" type="jump" coverage="100%" />
              </conditions>
            </line>
            <line number="14" hits="1" branch="False" />
            <line number="16" hits="2" branch="False" />
            <line number="17" hits="2" branch="False" />
            <line number="22" hits="2" branch="False" />
            <line number="23" hits="2" branch="False" />
            <line number="24" hits="2" branch="False" />
            <line number="25" hits="2" branch="False" />
            <line number="26" hits="2" branch="False" />
            <line number="27" hits="2" branch="False" />
            <line number="29" hits="2" branch="False" />
            <line number="30" hits="2" branch="True" condition-coverage="100% (2/2)">
              <conditions>
                <condition number="95" type="jump" coverage="100%" />
              </conditions>
            </line>
            <line number="32" hits="6" branch="True" condition-coverage="100% (2/2)">
              <conditions>
                <condition number="256" type="jump" coverage="100%" />
              </conditions>
            </line>
            <line number="34" hits="2" branch="False" />
            <line number="35" hits="2" branch="False" />
            <line number="36" hits="2" branch="False" />
            <line number="37" hits="2" branch="False" />
            <line number="38" hits="2" branch="False" />
            <line number="42" hits="2" branch="False" />
          </lines>
        </class>
        <class name="IPS.Processing.IoJob" filename="Processing\IoJob.cs" line-rate="1" branch-rate="0.8332999999999999" complexity="6">
          <methods>
            <method name="Execute" signature="(System.String,System.Threading.CancellationToken)" line-rate="1" branch-rate="1" complexity="4">
              <lines>
                <line number="9" hits="12" branch="False" />
                <line number="12" hits="12" branch="False" />
                <line number="13" hits="28" branch="True" condition-coverage="100% (2/2)">
                  <conditions>
                    <condition number="39" type="jump" coverage="100%" />
                  </conditions>
                </line>
                <line number="15" hits="21" branch="True" condition-coverage="100% (2/2)">
                  <conditions>
                    <condition number="12" type="jump" coverage="100%" />
                  </conditions>
                </line>
                <line number="16" hits="21" branch="False" />
                <line number="17" hits="21" branch="False" />
                <line number="18" hits="16" branch="False" />
                <line number="21" hits="7" branch="False" />
              </lines>
            </method>
            <method name="ParseDelay" signature="(System.String)" line-rate="1" branch-rate="0.5" complexity="2">
              <lines>
                <line number="26" hits="13" branch="False" />
                <line number="27" hits="13" branch="False" />
                <line number="28" hits="13" branch="True" condition-coverage="50% (1/2)">
                  <conditions>
                    <condition number="18" type="jump" coverage="50%" />
                  </conditions>
                </line>
                <line number="29" hits="13" branch="False" />
              </lines>
            </method>
          </methods>
          <lines>
            <line number="9" hits="12" branch="False" />
            <line number="12" hits="12" branch="False" />
            <line number="13" hits="28" branch="True" condition-coverage="100% (2/2)">
              <conditions>
                <condition number="39" type="jump" coverage="100%" />
              </conditions>
            </line>
            <line number="15" hits="21" branch="True" condition-coverage="100% (2/2)">
              <conditions>
                <condition number="12" type="jump" coverage="100%" />
              </conditions>
            </line>
            <line number="16" hits="21" branch="False" />
            <line number="17" hits="21" branch="False" />
            <line number="18" hits="16" branch="False" />
            <line number="21" hits="7" branch="False" />
            <line number="26" hits="13" branch="False" />
            <line number="27" hits="13" branch="False" />
            <line number="28" hits="13" branch="True" condition-coverage="50% (1/2)">
              <conditions>
                <condition number="18" type="jump" coverage="50%" />
              </conditions>
            </line>
            <line number="29" hits="13" branch="False" />
          </lines>
        </class>
        <class name="IPS.Processing.PayloadParser" filename="Processing\PayloadParser.cs" line-rate="0.8665999999999999" branch-rate="0.75" complexity="12">
          <methods>
            <method name="Parse" signature="(System.String)" line-rate="0.909" branch-rate="0.8" complexity="10">
              <lines>
                <line number="10" hits="22" branch="False" />
                <line number="11" hits="103" branch="True" condition-coverage="100% (2/2)">
                  <conditions>
                    <condition number="162" type="jump" coverage="100%" />
                  </conditions>
                </line>
                <line number="13" hits="30" branch="False" />
                <line number="14" hits="30" branch="True" condition-coverage="100% (4/4)">
                  <conditions>
                    <condition number="45" type="jump" coverage="100%" />
                    <condition number="57" type="jump" coverage="100%" />
                  </conditions>
                </line>
                <line number="15" hits="1" branch="False" />
                <line number="17" hits="29" branch="False" />
                <line number="18" hits="29" branch="False" />
                <line number="19" hits="29" branch="True" condition-coverage="50% (2/4)">
                  <conditions>
                    <condition number="116" type="jump" coverage="50%" />
                    <condition number="125" type="jump" coverage="50%" />
                  </conditions>
                </line>
                <line number="20" hits="0" branch="False" />
                <line number="22" hits="29" branch="False" />
                <line number="24" hits="21" branch="False" />
              </lines>
            </method>
            <method name="ReadInt" signature="(System.Collections.Generic.Dictionary`2&lt;System.String,System.String&gt;,System.String)" line-rate="0.75" branch-rate="0.5" complexity="2">
              <lines>
                <line number="29" hits="26" branch="True" condition-coverage="50% (1/2)">
                  <conditions>
                    <condition number="9" type="jump" coverage="50%" />
                  </conditions>
                </line>
                <line number="30" hits="0" branch="False" />
                <line number="32" hits="26" branch="False" />
                <line number="33" hits="26" branch="False" />
              </lines>
            </method>
          </methods>
          <lines>
            <line number="10" hits="22" branch="False" />
            <line number="11" hits="103" branch="True" condition-coverage="100% (2/2)">
              <conditions>
                <condition number="162" type="jump" coverage="100%" />
              </conditions>
            </line>
            <line number="13" hits="30" branch="False" />
            <line number="14" hits="30" branch="True" condition-coverage="100% (4/4)">
              <conditions>
                <condition number="45" type="jump" coverage="100%" />
                <condition number="57" type="jump" coverage="100%" />
              </conditions>
            </line>
            <line number="15" hits="1" branch="False" />
            <line number="17" hits="29" branch="False" />
            <line number="18" hits="29" branch="False" />
            <line number="19" hits="29" branch="True" condition-coverage="50% (2/4)">
              <conditions>
                <condition number="116" type="jump" coverage="50%" />
                <condition number="125" type="jump" coverage="50%" />
              </conditions>
            </line>
            <line number="20" hits="0" branch="False" />
            <line number="22" hits="29" branch="False" />
            <line number="24" hits="21" branch="False" />
            <line number="29" hits="26" branch="True" condition-coverage="50% (1/2)">
              <conditions>
                <condition number="9" type="jump" coverage="50%" />
              </conditions>
            </line>
            <line number="30" hits="0" branch="False" />
            <line number="32" hits="26" branch="False" />
            <line number="33" hits="26" branch="False" />
          </lines>
        </class>
        <class name="IPS.Processing.PrimeJob" filename="Processing\PrimeJob.cs" line-rate="1" branch-rate="0.875" complexity="32">
          <methods>
            <method name="Execute" signature="(System.String,System.Threading.CancellationToken)" line-rate="1" branch-rate="1" complexity="6">
              <lines>
                <line number="10" hits="5" branch="False" />
                <line number="11" hits="6" branch="True" condition-coverage="100% (2/2)">
                  <conditions>
                    <condition number="34" type="jump" coverage="100%" />
                  </conditions>
                </line>
                <line number="14" hits="4" branch="False" />
                <line number="15" hits="4" branch="False" />
                <line number="17" hits="4" branch="False" />
                <line number="18" hits="20" branch="True" condition-coverage="100% (2/2)">
                  <conditions>
                    <condition number="157" type="jump" coverage="100%" />
                  </conditions>
                </line>
                <line number="20" hits="6" branch="False" />
                <line number="21" hits="6" branch="False" />
                <line number="22" hits="12" branch="False" />
                <line number="25" hits="4" branch="False" />
                <line number="26" hits="4" branch="False" />
                <line number="28" hits="4" branch="False" />
                <line number="29" hits="20" branch="True" condition-coverage="100% (2/2)">
                  <conditions>
                    <condition number="222" type="jump" coverage="100%" />
                  </conditions>
                </line>
                <line number="30" hits="6" branch="False" />
                <line number="31" hits="4" branch="False" />
              </lines>
            </method>
            <method name="Parse" signature="(System.String)" line-rate="1" branch-rate="0.75" complexity="4">
              <lines>
                <line number="36" hits="6" branch="False" />
                <line number="37" hits="6" branch="False" />
                <line number="38" hits="6" branch="False" />
                <line number="40" hits="6" branch="True" condition-coverage="50% (1/2)">
                  <conditions>
                    <condition number="31" type="jump" coverage="50%" />
                  </conditions>
                </line>
                <line number="41" hits="7" branch="True" condition-coverage="100% (2/2)">
                  <conditions>
                    <condition number="37" type="jump" coverage="100%" />
                  </conditions>
                </line>
                <line number="42" hits="6" branch="False" />
              </lines>
            </method>
            <method name="CountInRange" signature="(System.Int32,System.Int32,System.Threading.CancellationToken)" line-rate="1" branch-rate="0.75" complexity="8">
              <lines>
                <line number="47" hits="6" branch="True" condition-coverage="50% (1/2)">
                  <conditions>
                    <condition number="2" type="jump" coverage="50%" />
                  </conditions>
                </line>
                <line number="48" hits="6" branch="False" />
                <line number="49" hits="524" branch="True" condition-coverage="100% (2/2)">
                  <conditions>
                    <condition number="46" type="jump" coverage="100%" />
                  </conditions>
                </line>
                <line number="51" hits="256" branch="True" condition-coverage="50% (1/2)">
                  <conditions>
                    <condition number="19" type="jump" coverage="50%" />
                  </conditions>
                </line>
                <line number="52" hits="325" branch="True" condition-coverage="100% (2/2)">
                  <conditions>
                    <condition number="34" type="jump" coverage="100%" />
                  </conditions>
                </line>
                <line number="54" hits="6" branch="False" />
              </lines>
            </method>
            <method name="IsPrime" signature="(System.Int32)" line-rate="1" branch-rate="0.9285" complexity="14">
              <lines>
                <line number="59" hits="256" branch="True" condition-coverage="50% (1/2)">
                  <conditions>
                    <condition number="2" type="jump" coverage="50%" />
                  </conditions>
                </line>
                <line number="60" hits="264" branch="True" condition-coverage="100% (2/2)">
                  <conditions>
                    <condition number="8" type="jump" coverage="100%" />
                  </conditions>
                </line>
                <line number="61" hits="374" branch="True" condition-coverage="100% (2/2)">
                  <conditions>
                    <condition number="15" type="jump" coverage="100%" />
                  </conditions>
                </line>
                <line number="62" hits="162" branch="True" condition-coverage="100% (2/2)">
                  <conditions>
                    <condition number="22" type="jump" coverage="100%" />
                  </conditions>
                </line>
                <line number="63" hits="240" branch="True" condition-coverage="100% (2/2)">
                  <conditions>
                    <condition number="57" type="jump" coverage="100%" />
                  </conditions>
                </line>
                <line number="65" hits="73" branch="True" condition-coverage="100% (2/2)">
                  <conditions>
                    <condition number="33" type="jump" coverage="100%" />
                  </conditions>
                </line>
                <line number="66" hits="52" branch="True" condition-coverage="100% (2/2)">
                  <conditions>
                    <condition number="42" type="jump" coverage="100%" />
                  </conditions>
                </line>
                <line number="68" hits="61" branch="False" />
              </lines>
            </method>
          </methods>
          <lines>
            <line number="10" hits="5" branch="False" />
            <line number="11" hits="6" branch="True" condition-coverage="100% (2/2)">
              <conditions>
                <condition number="34" type="jump" coverage="100%" />
              </conditions>
            </line>
            <line number="14" hits="4" branch="False" />
            <line number="15" hits="4" branch="False" />
            <line number="17" hits="4" branch="False" />
            <line number="18" hits="20" branch="True" condition-coverage="100% (2/2)">
              <conditions>
                <condition number="157" type="jump" coverage="100%" />
              </conditions>
            </line>
            <line number="20" hits="6" branch="False" />
            <line number="21" hits="6" branch="False" />
            <line number="22" hits="12" branch="False" />
            <line number="25" hits="4" branch="False" />
            <line number="26" hits="4" branch="False" />
            <line number="28" hits="4" branch="False" />
            <line number="29" hits="20" branch="True" condition-coverage="100% (2/2)">
              <conditions>
                <condition number="222" type="jump" coverage="100%" />
              </conditions>
            </line>
            <line number="30" hits="6" branch="False" />
            <line number="31" hits="4" branch="False" />
            <line number="36" hits="6" branch="False" />
            <line number="37" hits="6" branch="False" />
            <line number="38" hits="6" branch="False" />
            <line number="40" hits="6" branch="True" condition-coverage="50% (1/2)">
              <conditions>
                <condition number="31" type="jump" coverage="50%" />
              </conditions>
            </line>
            <line number="41" hits="7" branch="True" condition-coverage="100% (2/2)">
              <conditions>
                <condition number="37" type="jump" coverage="100%" />
              </conditions>
            </line>
            <line number="42" hits="6" branch="False" />
            <line number="47" hits="6" branch="True" condition-coverage="50% (1/2)">
              <conditions>
                <condition number="2" type="jump" coverage="50%" />
              </conditions>
            </line>
            <line number="48" hits="6" branch="False" />
            <line number="49" hits="524" branch="True" condition-coverage="100% (2/2)">
              <conditions>
                <condition number="46" type="jump" coverage="100%" />
              </conditions>
            </line>
            <line number="51" hits="256" branch="True" condition-coverage="50% (1/2)">
              <conditions>
                <condition number="19" type="jump" coverage="50%" />
              </conditions>
            </line>
            <line number="52" hits="325" branch="True" condition-coverage="100% (2/2)">
              <conditions>
                <condition number="34" type="jump" coverage="100%" />
              </conditions>
            </line>
            <line number="54" hits="6" branch="False" />
            <line number="59" hits="256" branch="True" condition-coverage="50% (1/2)">
              <conditions>
                <condition number="2" type="jump" coverage="50%" />
              </conditions>
            </line>
            <line number="60" hits="264" branch="True" condition-coverage="100% (2/2)">
              <conditions>
                <condition number="8" type="jump" coverage="100%" />
              </conditions>
            </line>
            <line number="61" hits="374" branch="True" condition-coverage="100% (2/2)">
              <conditions>
                <condition number="15" type="jump" coverage="100%" />
              </conditions>
            </line>
            <line number="62" hits="162" branch="True" condition-coverage="100% (2/2)">
              <conditions>
                <condition number="22" type="jump" coverage="100%" />
              </conditions>
            </line>
            <line number="63" hits="240" branch="True" condition-coverage="100% (2/2)">
              <conditions>
                <condition number="57" type="jump" coverage="100%" />
              </conditions>
            </line>
            <line number="65" hits="73" branch="True" condition-coverage="100% (2/2)">
              <conditions>
                <condition number="33" type="jump" coverage="100%" />
              </conditions>
            </line>
            <line number="66" hits="52" branch="True" condition-coverage="100% (2/2)">
              <conditions>
                <condition number="42" type="jump" coverage="100%" />
              </conditions>
            </line>
            <line number="68" hits="61" branch="False" />
          </lines>
        </class>
      </classes>
    </package>
  </packages>
</coverage>